<?xml version="1.0" encoding="UTF-8"?>
<testng-results ignored="0" total="1" passed="1" failed="0" skipped="0">
  <reporter-output>
  </reporter-output>
  <suite started-at="2024-08-01T16:33:55 EDT" name="Default suite" finished-at="2024-08-01T16:33:57 EDT" duration-ms="2059">
    <groups>
    </groups>
    <test started-at="2024-08-01T16:33:55 EDT" name="Default test" finished-at="2024-08-01T16:33:57 EDT" duration-ms="2059">
      <class name="frameworkdesign.reports.ExtendReportDemo">
        <test-method is-config="true" signature="config()[pri:0, instance:frameworkdesign.reports.ExtendReportDemo@245b4bdc]" started-at="2024-08-01T16:33:55 EDT" name="config" finished-at="2024-08-01T16:33:55 EDT" duration-ms="112" status="PASS">
          <reporter-output>
          </reporter-output>
        </test-method> <!-- config -->
        <test-method signature="initialDemo()[pri:0, instance:frameworkdesign.reports.ExtendReportDemo@245b4bdc]" started-at="2024-08-01T16:33:55 EDT" name="initialDemo" finished-at="2024-08-01T16:33:57 EDT" duration-ms="1933" status="PASS">
          <reporter-output>
          </reporter-output>
        </test-method> <!-- initialDemo -->
      </class> <!-- frameworkdesign.reports.ExtendReportDemo -->
    </test> <!-- Default test -->
  </suite> <!-- Default suite -->
</testng-results>
